<?xml version="1.0" encoding="UTF-8"?>
<testng-results ignored="0" total="1" passed="1" failed="0" skipped="0">
  <reporter-output>
  </reporter-output>
  <suite started-at="2021-12-02T20:51:50 EST" name="Default suite" finished-at="2021-12-02T20:51:52 EST" duration-ms="2552">
    <groups>
    </groups>
    <test started-at="2021-12-02T20:51:50 EST" name="Default test" finished-at="2021-12-02T20:51:52 EST" duration-ms="2552">
      <class name="TestCases.amazonSearchUsingPOM">
        <test-method signature="task1()[pri:0, instance:TestCases.amazonSearchUsingPOM@412c995d]" started-at="2021-12-02T20:51:50 EST" name="task1" finished-at="2021-12-02T20:51:52 EST" duration-ms="2514" status="PASS">
          <reporter-output>
          </reporter-output>
        </test-method> <!-- task1 -->
      </class> <!-- TestCases.amazonSearchUsingPOM -->
    </test> <!-- Default test -->
  </suite> <!-- Default suite -->
</testng-results>
